<?xml version="1.0" encoding="UTF-8" ?>
<testsuite tests="1" failures="0" name="com.marseille.AppTest" time="0.002" errors="0" skipped="0">
  <properties>
    <property name="java.runtime.name" value="OpenJDK Runtime Environment"/>
    <property name="java.vm.version" value="11.0.6+10"/>
    <property name="sun.boot.library.path" value="C:\Program Files\AdoptOpenJDK\jdk-11.0.6.10-hotspot\bin"/>
    <property name="maven.multiModuleProjectDirectory" value="C:/Users/AmiltoneDev_LT132/Documents/fullstack tutorials/maven/Application"/>
    <property name="java.vm.vendor" value="AdoptOpenJDK"/>
    <property name="java.vendor.url" value="https://adoptopenjdk.net/"/>
    <property name="guice.disable.misplaced.annotation.check" value="true"/>
    <property name="path.separator" value=";"/>
    <property name="java.vm.name" value="OpenJDK 64-Bit Server VM"/>
    <property name="sun.os.patch.level" value=""/>
    <property name="user.script" value=""/>
    <property name="user.country" value="FR"/>
    <property name="sun.java.launcher" value="SUN_STANDARD"/>
    <property name="java.vm.specification.name" value="Java Virtual Machine Specification"/>
    <property name="user.dir" value="C:\Users\AmiltoneDev_LT132\Documents\fullstack tutorials\maven\Application"/>
    <property name="java.vm.compressedOopsMode" value="32-bit"/>
    <property name="java.runtime.version" value="11.0.6+10"/>
    <property name="java.awt.graphicsenv" value="sun.awt.Win32GraphicsEnvironment"/>
    <property name="os.arch" value="amd64"/>
    <property name="java.io.tmpdir" value="C:\Users\AmiltoneDev_LT132\AppData\Local\Temp\"/>
    <property name="line.separator" value="
"/>
    <property name="java.vm.specification.vendor" value="Oracle Corporation"/>
    <property name="user.variant" value=""/>
    <property name="os.name" value="Windows 10"/>
    <property name="classworlds.conf" value="C:/Program Files/Maven/apache-maven-3.6.2/bin/m2.conf"/>
    <property name="sun.jnu.encoding" value="Cp1252"/>
    <property name="java.library.path" value="C:\Program Files\AdoptOpenJDK\jdk-11.0.6.10-hotspot\bin;C:\WINDOWS\Sun\Java\bin;C:\WINDOWS\system32;C:\WINDOWS;C:\Program Files\Git\mingw64\bin;C:\Program Files\Git\usr\bin;C:\Users\AmiltoneDev_LT132\bin;C:\Program Files (x86)\Intel\Intel(R) Management Engine Components\iCLS;C:\Program Files\Intel\Intel(R) Management Engine Components\iCLS;C:\WINDOWS\system32;C:\WINDOWS;C:\WINDOWS\System32\Wbem;C:\WINDOWS\System32\WindowsPowerShell\v1.0;C:\WINDOWS\System32\OpenSSH;C:\Program Files (x86)\Intel\Intel(R) Management Engine Components\DAL;C:\Program Files\Intel\Intel(R) Management Engine Components\DAL;C:\Program Files\Git\cmd;C:\Program Files\Maven\apache-maven-3.6.2\bin;C:\Program Files\RabbitMQ Server\rabbitmq_server-3.8.1\sbin;C:\Program Files\PostgreSQL\12\bin;C:\Program Files\MongoDB\Server\4.2\bin;C:\Program Files\Amazon\AWSCLIV2DevPreview;C:\Program Files\AdoptOpenJDK\jdk-11.0.6.10-hotspot\bin;C:\Program Files\MySQL\MySQL Server 8.0\bin;C:\kubernetes;C:\Program Files\nodejs;C:\HashiCorp\Vagrant\bin;C:\Program Files\MySQL\MySQL Shell 8.0\bin;C:\Users\AmiltoneDev_LT132\AppData\Local\Microsoft\WindowsApps;C:\Program Files\JetBrains\IntelliJ IDEA 2020.2.1\bin;C:\Users\AmiltoneDev_LT132\AppData\Local\Programs\Microsoft VS Code\bin;C:\Program Files\JetBrains\DataGrip 2019.3.2\bin;C:\Users\AmiltoneDev_LT132\AppData\Local\Google\Cloud SDK\google-cloud-sdk\bin;C:\Users\AmiltoneDev_LT132\AppData\Roaming\npm;."/>
    <property name="maven.conf" value="C:/Program Files/Maven/apache-maven-3.6.2/conf"/>
    <property name="jdk.debug" value="release"/>
    <property name="java.class.version" value="55.0"/>
    <property name="java.specification.name" value="Java Platform API Specification"/>
    <property name="sun.management.compiler" value="HotSpot 64-Bit Tiered Compilers"/>
    <property name="os.version" value="10.0"/>
    <property name="library.jansi.path" value="C:/Program Files/Maven/apache-maven-3.6.2/lib/jansi-native"/>
    <property name="user.home" value="C:\Users\AmiltoneDev_LT132"/>
    <property name="user.timezone" value="Europe/Paris"/>
    <property name="java.awt.printerjob" value="sun.awt.windows.WPrinterJob"/>
    <property name="file.encoding" value="Cp1252"/>
    <property name="java.specification.version" value="11"/>
    <property name="user.name" value="AmiltoneDev_LT132"/>
    <property name="java.class.path" value="C:/Program Files/Maven/apache-maven-3.6.2/boot/plexus-classworlds-2.6.0.jar"/>
    <property name="java.vm.specification.version" value="11"/>
    <property name="sun.arch.data.model" value="64"/>
    <property name="sun.java.command" value="org.codehaus.plexus.classworlds.launcher.Launcher clean deploy"/>
    <property name="java.home" value="C:\Program Files\AdoptOpenJDK\jdk-11.0.6.10-hotspot"/>
    <property name="user.language" value="fr"/>
    <property name="java.specification.vendor" value="Oracle Corporation"/>
    <property name="awt.toolkit" value="sun.awt.windows.WToolkit"/>
    <property name="java.vm.info" value="mixed mode"/>
    <property name="java.version" value="11.0.6"/>
    <property name="java.vendor" value="AdoptOpenJDK"/>
    <property name="sun.stderr.encoding" value="cp850"/>
    <property name="maven.home" value="C:\Program Files\Maven\apache-maven-3.6.2"/>
    <property name="file.separator" value="\"/>
    <property name="java.version.date" value="2020-01-14"/>
    <property name="java.vendor.url.bug" value="https://github.com/AdoptOpenJDK/openjdk-support/issues"/>
    <property name="sun.io.unicode.encoding" value="UnicodeLittle"/>
    <property name="sun.cpu.endian" value="little"/>
    <property name="java.vendor.version" value="AdoptOpenJDK"/>
    <property name="sun.stdout.encoding" value="cp850"/>
    <property name="sun.desktop" value="windows"/>
    <property name="sun.cpu.isalist" value="amd64"/>
  </properties>
  <testcase classname="com.marseille.AppTest" name="shouldAnswerWithTrue" time="0.002"/>
</testsuite>